<?xml version="1.0" encoding="UTF-8"?>
<testsuite name="com.jojoldu.book.springboot.web.IndexControllerTest" tests="1" skipped="0" failures="0" errors="0" timestamp="2022-12-23T10:40:54" hostname="LAPTOP-BUU2COMO" time="0.24">
  <properties/>
  <testcase name="메인페이지_로딩" classname="com.jojoldu.book.springboot.web.IndexControllerTest" time="0.24"/>
  <system-out><![CDATA[2022-12-23 19:40:52.578  INFO 23240 --- [    Test worker] .b.t.c.SpringBootTestContextBootstrapper : Neither @ContextConfiguration nor @ContextHierarchy found for test class [com.jojoldu.book.springboot.web.IndexControllerTest], using SpringBootContextLoader
2022-12-23 19:40:52.579  INFO 23240 --- [    Test worker] o.s.t.c.support.AbstractContextLoader    : Could not detect default resource locations for test class [com.jojoldu.book.springboot.web.IndexControllerTest]: no resource found for suffixes {-context.xml, Context.groovy}.
2022-12-23 19:40:52.579  INFO 23240 --- [    Test worker] t.c.s.AnnotationConfigContextLoaderUtils : Could not detect default configuration classes for test class [com.jojoldu.book.springboot.web.IndexControllerTest]: IndexControllerTest does not declare any static, non-private, non-final, nested classes annotated with @Configuration.
2022-12-23 19:40:52.580  INFO 23240 --- [    Test worker] .b.t.c.SpringBootTestContextBootstrapper : Found @SpringBootConfiguration com.jojoldu.book.springboot.Application for test class com.jojoldu.book.springboot.web.IndexControllerTest
2022-12-23 19:40:52.590  INFO 23240 --- [    Test worker] .b.t.c.SpringBootTestContextBootstrapper : Loaded default TestExecutionListener class names from location [META-INF/spring.factories]: [org.springframework.boot.test.autoconfigure.restdocs.RestDocsTestExecutionListener, org.springframework.boot.test.autoconfigure.web.client.MockRestServiceServerResetTestExecutionListener, org.springframework.boot.test.autoconfigure.web.servlet.MockMvcPrintOnlyOnFailureTestExecutionListener, org.springframework.boot.test.autoconfigure.web.servlet.WebDriverTestExecutionListener, org.springframework.boot.test.mock.mockito.MockitoTestExecutionListener, org.springframework.boot.test.mock.mockito.ResetMocksTestExecutionListener, org.springframework.test.context.web.ServletTestExecutionListener, org.springframework.test.context.support.DirtiesContextBeforeModesTestExecutionListener, org.springframework.test.context.support.DependencyInjectionTestExecutionListener, org.springframework.test.context.support.DirtiesContextTestExecutionListener, org.springframework.test.context.transaction.TransactionalTestExecutionListener, org.springframework.test.context.jdbc.SqlScriptsTestExecutionListener]
2022-12-23 19:40:52.590  INFO 23240 --- [    Test worker] .b.t.c.SpringBootTestContextBootstrapper : Using TestExecutionListeners: [org.springframework.test.context.web.ServletTestExecutionListener@422cb807, org.springframework.test.context.support.DirtiesContextBeforeModesTestExecutionListener@534c9fc7, org.springframework.boot.test.mock.mockito.MockitoTestExecutionListener@4e6b045f, org.springframework.boot.test.autoconfigure.SpringBootDependencyInjectionTestExecutionListener@3536783f, org.springframework.test.context.support.DirtiesContextTestExecutionListener@127d121e, org.springframework.test.context.transaction.TransactionalTestExecutionListener@25781531, org.springframework.test.context.jdbc.SqlScriptsTestExecutionListener@3327a43d, org.springframework.boot.test.autoconfigure.restdocs.RestDocsTestExecutionListener@3556d5e6, org.springframework.boot.test.autoconfigure.web.client.MockRestServiceServerResetTestExecutionListener@4fc1ccb0, org.springframework.boot.test.autoconfigure.web.servlet.MockMvcPrintOnlyOnFailureTestExecutionListener@2af599e4, org.springframework.boot.test.autoconfigure.web.servlet.WebDriverTestExecutionListener@24fdd6cb, org.springframework.boot.test.mock.mockito.ResetMocksTestExecutionListener@2707ce57]

  .   ____          _            __ _ _
 /\\ / ___'_ __ _ _(_)_ __  __ _ \ \ \ \
( ( )\___ | '_ | '_| | '_ \/ _` | \ \ \ \
 \\/  ___)| |_)| | | | | || (_| |  ) ) ) )
  '  |____| .__|_| |_|_| |_\__, | / / / /
 =========|_|==============|___/=/_/_/_/
 :: Spring Boot ::        (v2.1.7.RELEASE)

2022-12-23 19:40:52.624  INFO 23240 --- [    Test worker] c.j.b.s.web.IndexControllerTest          : Starting IndexControllerTest on LAPTOP-BUU2COMO with PID 23240 (started by say00 in C:\Users\say00\Desktop\TP_Study\freelec-springboot2-webservice2)
2022-12-23 19:40:52.625  INFO 23240 --- [    Test worker] c.j.b.s.web.IndexControllerTest          : No active profile set, falling back to default profiles: default
2022-12-23 19:40:52.794  INFO 23240 --- [    Test worker] .s.d.r.c.RepositoryConfigurationDelegate : Bootstrapping Spring Data repositories in DEFAULT mode.
2022-12-23 19:40:52.811  INFO 23240 --- [    Test worker] .s.d.r.c.RepositoryConfigurationDelegate : Finished Spring Data repository scanning in 17ms. Found 1 repository interfaces.
2022-12-23 19:40:52.908  INFO 23240 --- [    Test worker] trationDelegate$BeanPostProcessorChecker : Bean 'org.springframework.transaction.annotation.ProxyTransactionManagementConfiguration' of type [org.springframework.transaction.annotation.ProxyTransactionManagementConfiguration$$EnhancerBySpringCGLIB$$4d641640] is not eligible for getting processed by all BeanPostProcessors (for example: not eligible for auto-proxying)
2022-12-23 19:40:53.209  INFO 23240 --- [    Test worker] o.s.b.w.embedded.tomcat.TomcatWebServer  : Tomcat initialized with port(s): 0 (http)
2022-12-23 19:40:53.244  INFO 23240 --- [    Test worker] o.apache.catalina.core.StandardService   : Starting service [Tomcat]
2022-12-23 19:40:53.244  INFO 23240 --- [    Test worker] org.apache.catalina.core.StandardEngine  : Starting Servlet engine: [Apache Tomcat/9.0.22]
2022-12-23 19:40:53.446  INFO 23240 --- [    Test worker] o.a.c.c.C.[Tomcat].[localhost].[/]       : Initializing Spring embedded WebApplicationContext
2022-12-23 19:40:53.446  INFO 23240 --- [    Test worker] o.s.web.context.ContextLoader            : Root WebApplicationContext: initialization completed in 818 ms
2022-12-23 19:40:53.697  INFO 23240 --- [    Test worker] com.zaxxer.hikari.HikariDataSource       : HikariPool-2 - Starting...
2022-12-23 19:40:53.699  INFO 23240 --- [    Test worker] com.zaxxer.hikari.HikariDataSource       : HikariPool-2 - Start completed.
2022-12-23 19:40:53.726  INFO 23240 --- [    Test worker] o.hibernate.jpa.internal.util.LogHelper  : HHH000204: Processing PersistenceUnitInfo [
	name: default
	...]
2022-12-23 19:40:53.738  INFO 23240 --- [    Test worker] org.hibernate.dialect.Dialect            : HHH000400: Using dialect: org.hibernate.dialect.MySQL5InnoDBDialect
Hibernate: drop table if exists posts
Hibernate: create table posts (id bigint not null auto_increment, created_date datetime, modified_date datetime, author varchar(255), content TEXT not null, title varchar(500) not null, primary key (id)) engine=InnoDB
2022-12-23 19:40:53.779  INFO 23240 --- [    Test worker] o.h.t.schema.internal.SchemaCreatorImpl  : HHH000476: Executing import script 'org.hibernate.tool.schema.internal.exec.ScriptSourceInputNonExistentImpl@5ffb4a22'
2022-12-23 19:40:53.780  INFO 23240 --- [    Test worker] j.LocalContainerEntityManagerFactoryBean : Initialized JPA EntityManagerFactory for persistence unit 'default'
2022-12-23 19:40:54.180  INFO 23240 --- [    Test worker] o.s.s.concurrent.ThreadPoolTaskExecutor  : Initializing ExecutorService 'applicationTaskExecutor'
2022-12-23 19:40:54.192  WARN 23240 --- [    Test worker] aWebConfiguration$JpaWebMvcConfiguration : spring.jpa.open-in-view is enabled by default. Therefore, database queries may be performed during view rendering. Explicitly configure spring.jpa.open-in-view to disable this warning
2022-12-23 19:40:54.221  INFO 23240 --- [    Test worker] o.s.b.a.w.s.WelcomePageHandlerMapping    : Adding welcome page template: index
2022-12-23 19:40:54.537  INFO 23240 --- [    Test worker] o.s.b.w.embedded.tomcat.TomcatWebServer  : Tomcat started on port(s): 58498 (http) with context path ''
2022-12-23 19:40:54.538  INFO 23240 --- [    Test worker] c.j.b.s.web.IndexControllerTest          : Started IndexControllerTest in 1.945 seconds (JVM running for 9.716)
2022-12-23 19:40:54.685  INFO 23240 --- [o-auto-1-exec-1] o.a.c.c.C.[Tomcat].[localhost].[/]       : Initializing Spring DispatcherServlet 'dispatcherServlet'
2022-12-23 19:40:54.685  INFO 23240 --- [o-auto-1-exec-1] o.s.web.servlet.DispatcherServlet        : Initializing Servlet 'dispatcherServlet'
2022-12-23 19:40:54.714  INFO 23240 --- [o-auto-1-exec-1] o.s.web.servlet.DispatcherServlet        : Completed initialization in 29 ms
]]></system-out>
  <system-err><![CDATA[]]></system-err>
</testsuite>
