<?xml version="1.0" encoding="UTF-8"?>
<testsuite name="com.jojoldu.book.springboot.web.IndexControllerTest" tests="1" skipped="0" failures="0" errors="0" timestamp="2022-12-22T18:24:16" hostname="LAPTOP-BUU2COMO" time="0.235">
  <properties/>
  <testcase name="메인페이지_로딩" classname="com.jojoldu.book.springboot.web.IndexControllerTest" time="0.235"/>
  <system-out><![CDATA[2022-12-23 03:24:15.059  INFO 13944 --- [    Test worker] .b.t.c.SpringBootTestContextBootstrapper : Neither @ContextConfiguration nor @ContextHierarchy found for test class [com.jojoldu.book.springboot.web.IndexControllerTest], using SpringBootContextLoader
2022-12-23 03:24:15.059  INFO 13944 --- [    Test worker] o.s.t.c.support.AbstractContextLoader    : Could not detect default resource locations for test class [com.jojoldu.book.springboot.web.IndexControllerTest]: no resource found for suffixes {-context.xml, Context.groovy}.
2022-12-23 03:24:15.060  INFO 13944 --- [    Test worker] t.c.s.AnnotationConfigContextLoaderUtils : Could not detect default configuration classes for test class [com.jojoldu.book.springboot.web.IndexControllerTest]: IndexControllerTest does not declare any static, non-private, non-final, nested classes annotated with @Configuration.
2022-12-23 03:24:15.062  INFO 13944 --- [    Test worker] .b.t.c.SpringBootTestContextBootstrapper : Found @SpringBootConfiguration com.jojoldu.book.springboot.Application for test class com.jojoldu.book.springboot.web.IndexControllerTest
2022-12-23 03:24:15.065  INFO 13944 --- [    Test worker] .b.t.c.SpringBootTestContextBootstrapper : Loaded default TestExecutionListener class names from location [META-INF/spring.factories]: [org.springframework.boot.test.autoconfigure.restdocs.RestDocsTestExecutionListener, org.springframework.boot.test.autoconfigure.web.client.MockRestServiceServerResetTestExecutionListener, org.springframework.boot.test.autoconfigure.web.servlet.MockMvcPrintOnlyOnFailureTestExecutionListener, org.springframework.boot.test.autoconfigure.web.servlet.WebDriverTestExecutionListener, org.springframework.boot.test.mock.mockito.MockitoTestExecutionListener, org.springframework.boot.test.mock.mockito.ResetMocksTestExecutionListener, org.springframework.test.context.web.ServletTestExecutionListener, org.springframework.test.context.support.DirtiesContextBeforeModesTestExecutionListener, org.springframework.test.context.support.DependencyInjectionTestExecutionListener, org.springframework.test.context.support.DirtiesContextTestExecutionListener, org.springframework.test.context.transaction.TransactionalTestExecutionListener, org.springframework.test.context.jdbc.SqlScriptsTestExecutionListener]
2022-12-23 03:24:15.065  INFO 13944 --- [    Test worker] .b.t.c.SpringBootTestContextBootstrapper : Using TestExecutionListeners: [org.springframework.test.context.web.ServletTestExecutionListener@22a5c65b, org.springframework.test.context.support.DirtiesContextBeforeModesTestExecutionListener@72e029c8, org.springframework.boot.test.mock.mockito.MockitoTestExecutionListener@6cf85a3c, org.springframework.boot.test.autoconfigure.SpringBootDependencyInjectionTestExecutionListener@3e4822e5, org.springframework.test.context.support.DirtiesContextTestExecutionListener@32d3bc69, org.springframework.test.context.transaction.TransactionalTestExecutionListener@418e6d92, org.springframework.test.context.jdbc.SqlScriptsTestExecutionListener@6f89f625, org.springframework.boot.test.autoconfigure.restdocs.RestDocsTestExecutionListener@1029ae3b, org.springframework.boot.test.autoconfigure.web.client.MockRestServiceServerResetTestExecutionListener@3f3678a3, org.springframework.boot.test.autoconfigure.web.servlet.MockMvcPrintOnlyOnFailureTestExecutionListener@de6702a, org.springframework.boot.test.autoconfigure.web.servlet.WebDriverTestExecutionListener@2dfe876d, org.springframework.boot.test.mock.mockito.ResetMocksTestExecutionListener@707bbc9f]

  .   ____          _            __ _ _
 /\\ / ___'_ __ _ _(_)_ __  __ _ \ \ \ \
( ( )\___ | '_ | '_| | '_ \/ _` | \ \ \ \
 \\/  ___)| |_)| | | | | || (_| |  ) ) ) )
  '  |____| .__|_| |_|_| |_\__, | / / / /
 =========|_|==============|___/=/_/_/_/
 :: Spring Boot ::        (v2.1.7.RELEASE)

2022-12-23 03:24:15.099  INFO 13944 --- [    Test worker] c.j.b.s.web.IndexControllerTest          : Starting IndexControllerTest on LAPTOP-BUU2COMO with PID 13944 (started by say00 in C:\Users\say00\Desktop\TP_Study\freelec-springboot2-webservice2)
2022-12-23 03:24:15.099  INFO 13944 --- [    Test worker] c.j.b.s.web.IndexControllerTest          : No active profile set, falling back to default profiles: default
2022-12-23 03:24:15.265  INFO 13944 --- [    Test worker] .s.d.r.c.RepositoryConfigurationDelegate : Bootstrapping Spring Data repositories in DEFAULT mode.
2022-12-23 03:24:15.280  INFO 13944 --- [    Test worker] .s.d.r.c.RepositoryConfigurationDelegate : Finished Spring Data repository scanning in 15ms. Found 1 repository interfaces.
2022-12-23 03:24:15.368  INFO 13944 --- [    Test worker] trationDelegate$BeanPostProcessorChecker : Bean 'org.springframework.transaction.annotation.ProxyTransactionManagementConfiguration' of type [org.springframework.transaction.annotation.ProxyTransactionManagementConfiguration$$EnhancerBySpringCGLIB$$d74a39bf] is not eligible for getting processed by all BeanPostProcessors (for example: not eligible for auto-proxying)
2022-12-23 03:24:15.693  INFO 13944 --- [    Test worker] o.s.b.w.embedded.tomcat.TomcatWebServer  : Tomcat initialized with port(s): 0 (http)
2022-12-23 03:24:15.731  INFO 13944 --- [    Test worker] o.apache.catalina.core.StandardService   : Starting service [Tomcat]
2022-12-23 03:24:15.732  INFO 13944 --- [    Test worker] org.apache.catalina.core.StandardEngine  : Starting Servlet engine: [Apache Tomcat/9.0.22]
2022-12-23 03:24:15.924  INFO 13944 --- [    Test worker] o.a.c.c.C.[Tomcat].[localhost].[/]       : Initializing Spring embedded WebApplicationContext
2022-12-23 03:24:15.924  INFO 13944 --- [    Test worker] o.s.web.context.ContextLoader            : Root WebApplicationContext: initialization completed in 822 ms
2022-12-23 03:24:16.162  INFO 13944 --- [    Test worker] com.zaxxer.hikari.HikariDataSource       : HikariPool-2 - Starting...
2022-12-23 03:24:16.164  INFO 13944 --- [    Test worker] com.zaxxer.hikari.HikariDataSource       : HikariPool-2 - Start completed.
2022-12-23 03:24:16.191  INFO 13944 --- [    Test worker] o.hibernate.jpa.internal.util.LogHelper  : HHH000204: Processing PersistenceUnitInfo [
	name: default
	...]
2022-12-23 03:24:16.204  INFO 13944 --- [    Test worker] org.hibernate.dialect.Dialect            : HHH000400: Using dialect: org.hibernate.dialect.MySQL5InnoDBDialect
Hibernate: drop table if exists posts
Hibernate: create table posts (id bigint not null auto_increment, created_date datetime, modified_date datetime, author varchar(255), content TEXT not null, title varchar(500) not null, primary key (id)) engine=InnoDB
2022-12-23 03:24:16.254  INFO 13944 --- [    Test worker] o.h.t.schema.internal.SchemaCreatorImpl  : HHH000476: Executing import script 'org.hibernate.tool.schema.internal.exec.ScriptSourceInputNonExistentImpl@4a4f464a'
2022-12-23 03:24:16.254  INFO 13944 --- [    Test worker] j.LocalContainerEntityManagerFactoryBean : Initialized JPA EntityManagerFactory for persistence unit 'default'
2022-12-23 03:24:16.573  INFO 13944 --- [    Test worker] o.s.s.concurrent.ThreadPoolTaskExecutor  : Initializing ExecutorService 'applicationTaskExecutor'
2022-12-23 03:24:16.587  WARN 13944 --- [    Test worker] aWebConfiguration$JpaWebMvcConfiguration : spring.jpa.open-in-view is enabled by default. Therefore, database queries may be performed during view rendering. Explicitly configure spring.jpa.open-in-view to disable this warning
2022-12-23 03:24:16.619  INFO 13944 --- [    Test worker] o.s.b.a.w.s.WelcomePageHandlerMapping    : Adding welcome page template: index
2022-12-23 03:24:16.912  INFO 13944 --- [    Test worker] o.s.b.w.embedded.tomcat.TomcatWebServer  : Tomcat started on port(s): 63693 (http) with context path ''
2022-12-23 03:24:16.913  INFO 13944 --- [    Test worker] c.j.b.s.web.IndexControllerTest          : Started IndexControllerTest in 1.846 seconds (JVM running for 9.595)
2022-12-23 03:24:17.048  INFO 13944 --- [o-auto-1-exec-1] o.a.c.c.C.[Tomcat].[localhost].[/]       : Initializing Spring DispatcherServlet 'dispatcherServlet'
2022-12-23 03:24:17.048  INFO 13944 --- [o-auto-1-exec-1] o.s.web.servlet.DispatcherServlet        : Initializing Servlet 'dispatcherServlet'
2022-12-23 03:24:17.075  INFO 13944 --- [o-auto-1-exec-1] o.s.web.servlet.DispatcherServlet        : Completed initialization in 27 ms
]]></system-out>
  <system-err><![CDATA[]]></system-err>
</testsuite>
